\BOOKMARK [1][-]{section.1}{State of the art and preliminary work}{}% 1
\BOOKMARK [2][-]{subsection.1.1}{Preliminary Work}{section.1}% 2
\BOOKMARK [2][-]{subsection.1.2}{Project-related publications}{section.1}% 3
\BOOKMARK [3][-]{subsubsection.1.2.1}{Articles published by outlets with scientific quality assurance, book publications, and works accepted for publication but not yet published.}{subsection.1.2}% 4
\BOOKMARK [3][-]{subsubsection.1.2.2}{Other publications}{subsection.1.2}% 5
\BOOKMARK [3][-]{subsubsection.1.2.3}{Patents}{subsection.1.2}% 6
\BOOKMARK [4][-]{paragraph.1.2.3.1}{Pending}{subsubsection.1.2.3}% 7
\BOOKMARK [4][-]{paragraph.1.2.3.2}{Issued}{subsubsection.1.2.3}% 8
\BOOKMARK [1][-]{section.2}{Objectives and work programme}{}% 9
\BOOKMARK [2][-]{subsection.2.1}{Anticipated total duration of the project}{section.2}% 10
\BOOKMARK [2][-]{subsection.2.2}{Objectives}{section.2}% 11
\BOOKMARK [2][-]{subsection.2.3}{Work programme incl. proposed research methods}{section.2}% 12
\BOOKMARK [2][-]{subsection.2.4}{Research Questions}{section.2}% 13
\BOOKMARK [2][-]{subsection.2.5}{Data handling}{section.2}% 14
\BOOKMARK [2][-]{subsection.2.6}{Other information}{section.2}% 15
\BOOKMARK [2][-]{subsection.2.7}{Descriptions of proposed investigations involving experiments on humans, human materials or animals}{section.2}% 16
\BOOKMARK [2][-]{subsection.2.8}{Information on scientific and financial involvement of international cooperation partners}{section.2}% 17
\BOOKMARK [1][-]{section.3}{Bibliography}{}% 18
\BOOKMARK [1][-]{section*.4}{References}{}% 19
\BOOKMARK [1][-]{section.4}{Requested modules/funds}{}% 20
\BOOKMARK [2][-]{subsection.4.1}{Basic Module}{section.4}% 21
\BOOKMARK [3][-]{subsubsection.4.1.1}{Funding for Staff}{subsection.4.1}% 22
\BOOKMARK [3][-]{subsubsection.4.1.2}{Direct Project Costs}{subsection.4.1}% 23
\BOOKMARK [4][-]{paragraph.4.1.2.1}{Equipment up to Euro 10,000, Software and Consumables}{subsubsection.4.1.2}% 24
\BOOKMARK [4][-]{paragraph.4.1.2.2}{Travel Expenses}{subsubsection.4.1.2}% 25
\BOOKMARK [4][-]{paragraph.4.1.2.3}{Visiting Researchers \(excluding Mercator Fellows\)}{subsubsection.4.1.2}% 26
\BOOKMARK [4][-]{paragraph.4.1.2.4}{Expenses for Laboratory Animals}{subsubsection.4.1.2}% 27
\BOOKMARK [4][-]{paragraph.4.1.2.5}{Other Costs}{subsubsection.4.1.2}% 28
\BOOKMARK [4][-]{paragraph.4.1.2.6}{Project-related publication expenses}{subsubsection.4.1.2}% 29
\BOOKMARK [3][-]{subsubsection.4.1.3}{Instrumentation}{subsection.4.1}% 30
\BOOKMARK [4][-]{paragraph.4.1.3.1}{Equipment exceeding Euro 10,000}{subsubsection.4.1.3}% 31
\BOOKMARK [4][-]{paragraph.4.1.3.2}{Major Instrumentation exceeding Euro 50,000}{subsubsection.4.1.3}% 32
\BOOKMARK [2][-]{subsection.4.2}{Module Temporary Position for Funding}{section.4}% 33
\BOOKMARK [2][-]{subsection.4.3}{Module Replacement Funding}{section.4}% 34
\BOOKMARK [2][-]{subsection.4.4}{Module Temporary Clinician Substitute}{section.4}% 35
\BOOKMARK [2][-]{subsection.4.5}{Module Mercator Fellows}{section.4}% 36
\BOOKMARK [2][-]{subsection.4.6}{Module Workshop Funding}{section.4}% 37
\BOOKMARK [2][-]{subsection.4.7}{Module Public Relations Funding}{section.4}% 38
\BOOKMARK [1][-]{section.5}{Project requirements}{}% 39
\BOOKMARK [2][-]{subsection.5.1}{Employment status information}{section.5}% 40
\BOOKMARK [2][-]{subsection.5.2}{First-time proposal data}{section.5}% 41
\BOOKMARK [2][-]{subsection.5.3}{Composition of the project group}{section.5}% 42
\BOOKMARK [2][-]{subsection.5.4}{Cooperation with other researchers}{section.5}% 43
\BOOKMARK [3][-]{subsubsection.5.4.1}{Researchers with whom you have collaborated scientifically within the past three years}{subsection.5.4}% 44
\BOOKMARK [2][-]{subsection.5.5}{Scientific equipment}{section.5}% 45
\BOOKMARK [2][-]{subsection.5.6}{Project-relevant interests in commercial enterprises}{section.5}% 46
\BOOKMARK [1][-]{section.6}{Additional information}{}% 47
